Starting a Gradle Daemon, 3 busy and 1 incompatible Daemons could not be reused, use --status for details
> Task :processResources UP-TO-DATE
> Task :quarkusGenerateAppModel UP-TO-DATE
> Task :quarkusGenerateCode UP-TO-DATE
> Task :quarkusGenerateDevAppModel UP-TO-DATE
> Task :quarkusGenerateCodeDev UP-TO-DATE
> Task :compileJava
> Task :classes
> Task :processTestResources NO-SOURCE
> Task :compileQuarkusTestGeneratedSourcesJava NO-SOURCE
> Task :quarkusGenerateTestAppModel UP-TO-DATE
> Task :quarkusGenerateCodeTests UP-TO-DATE
> Task :compileTestJava UP-TO-DATE
> Task :testClasses UP-TO-DATE

----------------------------
--- Help improve Quarkus ---
----------------------------
* Learn more: https://quarkus.io/usage/
* Do you agree to contribute anonymous build time data to the Quarkus community? (y/n and enter) 

> Task :quarkusDev
[Quarkus build analytics] Didn't receive a valid user's answer: `y` or `n`. The question will be asked again next time.

Changed debug port to 57147 because of a port conflict
Listening for transport dt_socket at address: 57147

> Task :quarkusDev FAILED

[Incubating] Problems report is available at: file:///Users/carlos/Desktop/projects/yapeapp/yape-hub/build/reports/problems/problems-report.html

FAILURE: Build failed with an exception.

* What went wrong:
Execution failed for task ':quarkusDev'.
> Failed to run

* Try:
> Run with --stacktrace option to get the stack trace.
> Run with --info or --debug option to get more log output.
> Run with --scan to get full insights.
> Get more help at https://help.gradle.org.

Deprecated Gradle features were used in this build, making it incompatible with Gradle 9.0.

You can use '--warning-mode all' to show the individual deprecation warnings and determine if they come from your own scripts or plugins.

For more on this, please refer to https://docs.gradle.org/8.14/userguide/command_line_interface.html#sec:command_line_warnings in the Gradle documentation.

BUILD FAILED in 54s
10 actionable tasks: 2 executed, 8 up-to-date
